{"level":"info","message":"Posts obtidos com sucesso"}
{"level":"info","message":"Posts obtidos com sucesso"}
{"level":"error","message":"Ops! Algo deu Errado"}
{"level":"info","message":"Posts obtidos com sucesso"}
{"level":"info","message":"Posts obtidos com sucesso"}
{"level":"info","message":"Posts obtidos com sucesso"}
{"level":"info","message":"Posts obtidos com sucesso"}
{"level":"info","message":"Posts obtidos com sucesso"}
{"level":"info","message":"Posts obtidos com sucesso"}
{"level":"info","message":"Posts obtidos com sucesso"}
{"level":"info","message":"Posts obtidos com sucesso"}
{"level":"info","message":"Posts obtidos com sucesso"}
{"level":"info","message":"Posts obtidos com sucesso"}
{"level":"info","message":"Posts obtidos com sucesso"}
{"level":"info","message":"Posts obtidos com sucesso"}
{"level":"info","message":"Posts obtidos com sucesso"}
{"level":"info","message":"Posts obtidos com sucesso"}
{"level":"info","message":"Posts obtidos com sucesso"}
{"level":"error","message":"Ops, algo correu mal: Falha na rede"}
{"level":"error","message":"Ops, algo correu mal: Falha na rede"}
{"level":"error","message":"Falha na resposta do servidor"}
{"level":"info","message":"OK! Slug recebido com Sucesso"}
{"level":"info","message":"OK! Slug recebido com Sucesso"}
{"level":"info","message":"OK! Slug recebido com Sucesso"}
{"level":"info","message":"OK! Slug recebido com Sucesso"}
{"level":"info","message":"OK! Slug recebido com Sucesso"}
{"level":"info","message":"OK! Slug recebido com Sucesso"}
{"level":"info","message":"OK! Slug recebido com Sucesso"}
{"level":"info","message":"OK! Slug recebido com Sucesso"}
{"level":"info","message":"OK! Slug recebido com Sucesso"}
{"level":"info","message":"OK! Slug recebido com Sucesso"}
{"level":"info","message":"OK! Slug recebido com Sucesso"}
{"level":"info","message":"OK! Slug recebido com Sucesso"}
{"level":"info","message":"OK! Slug recebido com Sucesso"}
{"level":"info","message":"OK! Slug recebido com Sucesso"}
{"level":"info","message":"OK! Slug recebido com Sucesso"}
{"level":"info","message":"OK! Slug recebido com Sucesso"}
{"level":"info","message":"OK! Slug recebido com Sucesso"}
{"level":"info","message":"OK! Slug recebido com Sucesso"}
{"level":"info","message":"OK! Slug recebido com Sucesso"}
{"level":"info","message":"OK! Slug recebido com Sucesso"}
{"level":"info","message":"OK! Slug recebido com Sucesso"}
{"level":"info","message":"OK! Slug recebido com Sucesso"}
{"level":"info","message":"OK! Slug recebido com Sucesso"}
{"level":"info","message":"OK! Slug recebido com Sucesso"}
{"level":"info","message":"OK! Slug recebido com Sucesso"}
{"level":"info","message":"OK! Slug recebido com Sucesso"}
{"level":"info","message":"OK! Slug recebido com Sucesso"}
{"level":"info","message":"OK! Slug recebido com Sucesso"}
{"level":"info","message":"OK! Slug recebido com Sucesso"}
{"level":"info","message":"OK! Slug recebido com Sucesso"}
{"level":"info","message":"OK! Slug recebido com Sucesso"}
{"level":"info","message":"OK! Slug recebido com Sucesso"}
{"level":"info","message":"OK! Slug recebido com Sucesso"}
{"level":"info","message":"OK! Slug recebido com Sucesso"}
{"level":"info","message":"OK! Slug recebido com Sucesso"}
{"level":"info","message":"OK! Slug recebido com Sucesso"}
{"level":"info","message":"OK! Slug recebido com Sucesso"}
{"level":"info","message":"OK! Slug recebido com Sucesso"}
{"level":"info","message":"OK! Slug recebido com Sucesso"}
{"level":"info","message":"OK! Slug recebido com Sucesso"}
{"level":"info","message":"OK! Slug recebido com Sucesso"}
{"level":"info","message":"OK! Slug recebido com Sucesso"}
{"level":"info","message":"OK! Slug recebido com Sucesso"}
{"level":"info","message":"OK! Slug recebido com Sucesso"}
{"level":"info","message":"OK! Slug recebido com Sucesso"}
{"level":"info","message":"OK! Slug recebido com Sucesso"}
{"level":"info","message":"OK! Slug recebido com Sucesso"}
{"level":"info","message":"OK! Slug recebido com Sucesso"}
{"level":"info","message":"OK! Slug recebido com Sucesso"}
{"level":"info","message":"OK! Slug recebido com Sucesso"}
{"level":"info","message":"OK! Slug recebido com Sucesso"}
{"level":"info","message":"OK! Slug recebido com Sucesso"}
{"level":"info","message":"OK! Slug recebido com Sucesso"}
{"level":"info","message":"OK! Slug recebido com Sucesso"}
{"level":"info","message":"OK! Slug recebido com Sucesso"}
{"level":"info","message":"OK! Slug recebido com Sucesso"}
{"level":"info","message":"OK! Slug recebido com Sucesso"}
{"level":"info","message":"OK! Slug recebido com Sucesso"}
{"level":"info","message":"OK! Slug recebido com Sucesso"}
{"level":"info","message":"OK! Slug recebido com Sucesso"}
{"level":"info","message":"OK! Slug recebido com Sucesso"}
{"level":"info","message":"OK! Slug recebido com Sucesso"}
{"level":"info","message":"OK! Slug recebido com Sucesso"}
{"level":"info","message":"OK! Slug recebido com Sucesso"}
{"level":"info","message":"OK! Slug recebido com Sucesso"}
{"level":"info","message":"OK! Slug recebido com Sucesso"}
{"level":"info","message":"OK! Slug recebido com Sucesso"}
{"level":"info","message":"OK! Slug recebido com Sucesso"}
{"level":"info","message":"OK! Slug recebido com Sucesso"}
{"level":"info","message":"OK! Slug recebido com Sucesso"}
{"level":"info","message":"OK! Slug recebido com Sucesso"}
{"level":"info","message":"OK! Slug recebido com Sucesso"}
{"level":"info","message":"OK! Slug recebido com Sucesso"}
{"level":"info","message":"OK! Slug recebido com Sucesso"}
{"level":"info","message":"OK! Slug recebido com Sucesso"}
{"level":"info","message":"OK! Slug recebido com Sucesso"}
{"level":"info","message":"OK! Slug recebido com Sucesso"}
{"level":"info","message":"OK! Slug recebido com Sucesso"}
{"level":"info","message":"OK! Slug recebido com Sucesso"}
{"level":"info","message":"OK! Slug recebido com Sucesso"}
{"level":"info","message":"OK! Slug recebido com Sucesso"}
{"level":"info","message":"OK! Slug recebido com Sucesso"}
{"level":"info","message":"OK! Slug recebido com Sucesso"}
{"level":"info","message":"OK! Slug recebido com Sucesso"}
{"level":"info","message":"OK! Slug recebido com Sucesso"}
{"level":"info","message":"OK! Slug recebido com Sucesso"}
{"level":"info","message":"OK! Slug recebido com Sucesso"}
{"level":"info","message":"OK! Slug recebido com Sucesso"}
{"level":"info","message":"OK! Slug recebido com Sucesso"}
{"level":"info","message":"OK! Slug recebido com Sucesso"}
{"level":"info","message":"OK! Slug recebido com Sucesso"}
{"level":"info","message":"OK! Slug recebido com Sucesso"}
{"level":"info","message":"OK! Slug recebido com Sucesso"}
{"level":"info","message":"OK! Slug recebido com Sucesso"}
{"level":"info","message":"OK! Slug recebido com Sucesso"}
{"level":"info","message":"OK! Slug recebido com Sucesso"}
{"level":"info","message":"OK! Slug recebido com Sucesso"}
{"level":"info","message":"OK! Slug recebido com Sucesso"}
{"level":"info","message":"OK! Slug recebido com Sucesso"}
{"level":"info","message":"OK! Slug recebido com Sucesso"}
{"level":"info","message":"OK! Slug recebido com Sucesso"}
{"level":"info","message":"OK! Slug recebido com Sucesso"}
{"level":"info","message":"OK! Slug recebido com Sucesso"}
{"level":"info","message":"OK! Slug recebido com Sucesso"}
{"level":"info","message":"OK! Slug recebido com Sucesso"}
{"level":"info","message":"OK! Slug recebido com Sucesso"}
{"level":"info","message":"OK! Slug recebido com Sucesso"}
{"level":"info","message":"OK! Slug recebido com Sucesso"}
{"level":"info","message":"OK! Slug recebido com Sucesso"}
{"level":"info","message":"OK! Slug recebido com Sucesso"}
{"level":"info","message":"OK! Slug recebido com Sucesso"}
{"level":"info","message":"OK! Slug recebido com Sucesso"}
{"level":"info","message":"OK! Slug recebido com Sucesso"}
{"level":"info","message":"OK! Slug recebido com Sucesso"}
{"level":"info","message":"OK! Slug recebido com Sucesso"}
{"level":"info","message":"OK! Slug recebido com Sucesso"}
{"level":"info","message":"OK! Slug recebido com Sucesso"}
{"level":"info","message":"OK! Slug recebido com Sucesso"}
{"level":"info","message":"OK! Slug recebido com Sucesso"}
{"level":"info","message":"OK! Slug recebido com Sucesso"}
{"level":"info","message":"OK! Slug recebido com Sucesso"}
{"level":"info","message":"OK! Slug recebido com Sucesso"}
{"level":"info","message":"OK! Slug recebido com Sucesso"}
{"level":"info","message":"OK! Slug recebido com Sucesso"}
{"level":"info","message":"OK! Slug recebido com Sucesso"}
{"level":"info","message":"OK! Slug recebido com Sucesso"}
{"level":"info","message":"OK! Slug recebido com Sucesso"}
{"level":"info","message":"OK! Slug recebido com Sucesso"}
{"level":"info","message":"OK! Slug recebido com Sucesso"}
{"level":"info","message":"OK! Slug recebido com Sucesso"}
{"level":"info","message":"OK! Slug recebido com Sucesso"}
{"level":"info","message":"OK! Slug recebido com Sucesso"}
{"level":"info","message":"OK! Slug recebido com Sucesso"}
{"level":"info","message":"OK! Slug recebido com Sucesso"}
{"level":"info","message":"OK! Slug recebido com Sucesso"}
{"level":"info","message":"OK! Slug recebido com Sucesso"}
{"level":"info","message":"OK! Slug recebido com Sucesso"}
{"level":"info","message":"OK! Slug recebido com Sucesso"}
{"level":"info","message":"OK! Slug recebido com Sucesso"}
{"level":"info","message":"OK! Slug recebido com Sucesso"}
{"level":"info","message":"OK! Slug recebido com Sucesso"}
{"level":"info","message":"OK! Slug recebido com Sucesso"}
{"level":"info","message":"OK! Slug recebido com Sucesso"}
{"level":"info","message":"OK! Slug recebido com Sucesso"}
{"level":"info","message":"OK! Slug recebido com Sucesso"}
{"level":"info","message":"OK! Slug recebido com Sucesso"}
{"level":"info","message":"OK! Slug recebido com Sucesso"}
{"level":"info","message":"OK! Slug recebido com Sucesso"}
{"level":"info","message":"OK! Slug recebido com Sucesso"}
{"level":"info","message":"OK! Slug recebido com Sucesso"}
{"level":"info","message":"OK! Slug recebido com Sucesso"}
{"level":"info","message":"OK! Slug recebido com Sucesso"}
{"level":"info","message":"OK! Slug recebido com Sucesso"}
{"level":"info","message":"OK! Slug recebido com Sucesso"}
{"level":"info","message":"OK! Slug recebido com Sucesso"}
{"level":"info","message":"OK! Slug recebido com Sucesso"}
{"level":"info","message":"OK! Slug recebido com Sucesso"}
{"level":"info","message":"OK! Slug recebido com Sucesso"}
