{"level":"info","message":"Posts obtidos com sucesso"}
{"level":"info","message":"Posts obtidos com sucesso"}
{"level":"error","message":"Ops! Algo deu Errado"}
{"level":"info","message":"Posts obtidos com sucesso"}
{"level":"info","message":"Posts obtidos com sucesso"}
{"level":"info","message":"Posts obtidos com sucesso"}
{"level":"info","message":"Posts obtidos com sucesso"}
{"level":"info","message":"Posts obtidos com sucesso"}
{"level":"info","message":"Posts obtidos com sucesso"}
{"level":"info","message":"Posts obtidos com sucesso"}
{"level":"info","message":"Posts obtidos com sucesso"}
{"level":"info","message":"Posts obtidos com sucesso"}
{"level":"info","message":"Posts obtidos com sucesso"}
{"level":"info","message":"Posts obtidos com sucesso"}
{"level":"info","message":"Posts obtidos com sucesso"}
{"level":"info","message":"Posts obtidos com sucesso"}
{"level":"info","message":"Posts obtidos com sucesso"}
{"level":"info","message":"Posts obtidos com sucesso"}
{"level":"error","message":"Ops, algo correu mal: Falha na rede"}
{"level":"error","message":"Ops, algo correu mal: Falha na rede"}
{"level":"error","message":"Falha na resposta do servidor"}
{"level":"info","message":"OK! Slug recebido com Sucesso"}
{"level":"info","message":"OK! Slug recebido com Sucesso"}
{"level":"info","message":"OK! Slug recebido com Sucesso"}
{"level":"info","message":"OK! Slug recebido com Sucesso"}
{"level":"info","message":"OK! Slug recebido com Sucesso"}
{"level":"info","message":"OK! Slug recebido com Sucesso"}
{"level":"info","message":"OK! Slug recebido com Sucesso"}
{"level":"info","message":"OK! Slug recebido com Sucesso"}
{"level":"info","message":"OK! Slug recebido com Sucesso"}
{"level":"info","message":"OK! Slug recebido com Sucesso"}
{"level":"info","message":"OK! Slug recebido com Sucesso"}
{"level":"info","message":"OK! Slug recebido com Sucesso"}
{"level":"info","message":"OK! Slug recebido com Sucesso"}
{"level":"info","message":"OK! Slug recebido com Sucesso"}
{"level":"info","message":"OK! Slug recebido com Sucesso"}
{"level":"info","message":"OK! Slug recebido com Sucesso"}
{"level":"info","message":"OK! Slug recebido com Sucesso"}
{"level":"info","message":"OK! Slug recebido com Sucesso"}
{"level":"info","message":"OK! Slug recebido com Sucesso"}
{"level":"info","message":"OK! Slug recebido com Sucesso"}
{"level":"info","message":"OK! Slug recebido com Sucesso"}
{"level":"info","message":"OK! Slug recebido com Sucesso"}
{"level":"info","message":"OK! Slug recebido com Sucesso"}
{"level":"info","message":"OK! Slug recebido com Sucesso"}
{"level":"info","message":"OK! Slug recebido com Sucesso"}
{"level":"info","message":"OK! Slug recebido com Sucesso"}
{"level":"info","message":"OK! Slug recebido com Sucesso"}
{"level":"info","message":"OK! Slug recebido com Sucesso"}
{"level":"info","message":"OK! Slug recebido com Sucesso"}
{"level":"info","message":"OK! Slug recebido com Sucesso"}
{"level":"info","message":"OK! Slug recebido com Sucesso"}
{"level":"info","message":"OK! Slug recebido com Sucesso"}
{"level":"info","message":"OK! Slug recebido com Sucesso"}
{"level":"info","message":"OK! Slug recebido com Sucesso"}
{"level":"info","message":"OK! Slug recebido com Sucesso"}
{"level":"info","message":"OK! Slug recebido com Sucesso"}
{"level":"info","message":"OK! Slug recebido com Sucesso"}
{"level":"info","message":"OK! Slug recebido com Sucesso"}
{"level":"info","message":"OK! Slug recebido com Sucesso"}
{"level":"info","message":"OK! Slug recebido com Sucesso"}
{"level":"info","message":"OK! Slug recebido com Sucesso"}
{"level":"info","message":"OK! Slug recebido com Sucesso"}
{"level":"info","message":"OK! Slug recebido com Sucesso"}
{"level":"info","message":"OK! Slug recebido com Sucesso"}
{"level":"info","message":"OK! Slug recebido com Sucesso"}
{"level":"info","message":"OK! Slug recebido com Sucesso"}
{"level":"info","message":"OK! Slug recebido com Sucesso"}
{"level":"info","message":"OK! Slug recebido com Sucesso"}
{"level":"info","message":"OK! Slug recebido com Sucesso"}
{"level":"info","message":"OK! Slug recebido com Sucesso"}
{"level":"info","message":"OK! Slug recebido com Sucesso"}
{"level":"info","message":"OK! Slug recebido com Sucesso"}
{"level":"info","message":"OK! Slug recebido com Sucesso"}
{"level":"info","message":"OK! Slug recebido com Sucesso"}
{"level":"info","message":"OK! Slug recebido com Sucesso"}
{"level":"info","message":"OK! Slug recebido com Sucesso"}
{"level":"info","message":"OK! Slug recebido com Sucesso"}
{"level":"info","message":"OK! Slug recebido com Sucesso"}
{"level":"info","message":"OK! Slug recebido com Sucesso"}
{"level":"info","message":"OK! Slug recebido com Sucesso"}
{"level":"info","message":"OK! Slug recebido com Sucesso"}
{"level":"info","message":"OK! Slug recebido com Sucesso"}
{"level":"info","message":"OK! Slug recebido com Sucesso"}
{"level":"info","message":"OK! Slug recebido com Sucesso"}
{"level":"info","message":"OK! Slug recebido com Sucesso"}
{"level":"info","message":"OK! Slug recebido com Sucesso"}
{"level":"info","message":"OK! Slug recebido com Sucesso"}
{"level":"info","message":"OK! Slug recebido com Sucesso"}
{"level":"info","message":"OK! Slug recebido com Sucesso"}
{"level":"info","message":"OK! Slug recebido com Sucesso"}
{"level":"info","message":"OK! Slug recebido com Sucesso"}
{"level":"info","message":"OK! Slug recebido com Sucesso"}
{"level":"info","message":"OK! Slug recebido com Sucesso"}
{"level":"info","message":"OK! Slug recebido com Sucesso"}
{"level":"info","message":"OK! Slug recebido com Sucesso"}
{"level":"info","message":"OK! Slug recebido com Sucesso"}
{"level":"info","message":"OK! Slug recebido com Sucesso"}
{"level":"info","message":"OK! Slug recebido com Sucesso"}
{"level":"info","message":"OK! Slug recebido com Sucesso"}
{"level":"info","message":"OK! Slug recebido com Sucesso"}
{"level":"info","message":"OK! Slug recebido com Sucesso"}
{"level":"info","message":"OK! Slug recebido com Sucesso"}
{"level":"info","message":"OK! Slug recebido com Sucesso"}
{"level":"info","message":"OK! Slug recebido com Sucesso"}
{"level":"info","message":"OK! Slug recebido com Sucesso"}
{"level":"info","message":"OK! Slug recebido com Sucesso"}
{"level":"info","message":"OK! Slug recebido com Sucesso"}
{"level":"info","message":"OK! Slug recebido com Sucesso"}
{"level":"info","message":"OK! Slug recebido com Sucesso"}
{"level":"info","message":"OK! Slug recebido com Sucesso"}
{"level":"info","message":"OK! Slug recebido com Sucesso"}
{"level":"info","message":"OK! Slug recebido com Sucesso"}
{"level":"info","message":"OK! Slug recebido com Sucesso"}
{"level":"info","message":"OK! Slug recebido com Sucesso"}
{"level":"info","message":"OK! Slug recebido com Sucesso"}
{"level":"info","message":"OK! Slug recebido com Sucesso"}
{"level":"info","message":"OK! Slug recebido com Sucesso"}
{"level":"info","message":"OK! Slug recebido com Sucesso"}
{"level":"info","message":"OK! Slug recebido com Sucesso"}
{"level":"info","message":"OK! Slug recebido com Sucesso"}
{"level":"info","message":"OK! Slug recebido com Sucesso"}
{"level":"info","message":"OK! Slug recebido com Sucesso"}
{"level":"info","message":"OK! Slug recebido com Sucesso"}
{"level":"info","message":"OK! Slug recebido com Sucesso"}
{"level":"info","message":"OK! Slug recebido com Sucesso"}
{"level":"info","message":"OK! Slug recebido com Sucesso"}
{"level":"info","message":"OK! Slug recebido com Sucesso"}
{"level":"info","message":"OK! Slug recebido com Sucesso"}
{"level":"info","message":"OK! Slug recebido com Sucesso"}
{"level":"info","message":"OK! Slug recebido com Sucesso"}
{"level":"info","message":"OK! Slug recebido com Sucesso"}
{"level":"info","message":"OK! Slug recebido com Sucesso"}
{"level":"info","message":"OK! Slug recebido com Sucesso"}
{"level":"info","message":"OK! Slug recebido com Sucesso"}
{"level":"info","message":"OK! Slug recebido com Sucesso"}
{"level":"info","message":"OK! Slug recebido com Sucesso"}
{"level":"info","message":"OK! Slug recebido com Sucesso"}
{"level":"info","message":"OK! Slug recebido com Sucesso"}
{"level":"info","message":"OK! Slug recebido com Sucesso"}
{"level":"info","message":"OK! Slug recebido com Sucesso"}
{"level":"info","message":"OK! Slug recebido com Sucesso"}
{"level":"info","message":"OK! Slug recebido com Sucesso"}
{"level":"info","message":"OK! Slug recebido com Sucesso"}
{"level":"info","message":"OK! Slug recebido com Sucesso"}
{"level":"info","message":"OK! Slug recebido com Sucesso"}
{"level":"info","message":"OK! Slug recebido com Sucesso"}
{"level":"info","message":"OK! Slug recebido com Sucesso"}
{"level":"info","message":"OK! Slug recebido com Sucesso"}
{"level":"info","message":"OK! Slug recebido com Sucesso"}
{"level":"info","message":"OK! Slug recebido com Sucesso"}
{"level":"info","message":"OK! Slug recebido com Sucesso"}
{"level":"info","message":"OK! Slug recebido com Sucesso"}
{"level":"info","message":"OK! Slug recebido com Sucesso"}
{"level":"info","message":"OK! Slug recebido com Sucesso"}
{"level":"info","message":"OK! Slug recebido com Sucesso"}
{"level":"info","message":"OK! Slug recebido com Sucesso"}
{"level":"info","message":"OK! Slug recebido com Sucesso"}
{"level":"info","message":"OK! Slug recebido com Sucesso"}
{"level":"info","message":"OK! Slug recebido com Sucesso"}
{"level":"info","message":"OK! Slug recebido com Sucesso"}
{"level":"info","message":"OK! Slug recebido com Sucesso"}
{"level":"info","message":"OK! Slug recebido com Sucesso"}
{"level":"info","message":"OK! Slug recebido com Sucesso"}
{"level":"info","message":"OK! Slug recebido com Sucesso"}
{"level":"info","message":"OK! Slug recebido com Sucesso"}
{"level":"info","message":"OK! Slug recebido com Sucesso"}
{"level":"info","message":"OK! Slug recebido com Sucesso"}
{"level":"info","message":"OK! Slug recebido com Sucesso"}
{"level":"info","message":"OK! Slug recebido com Sucesso"}
{"level":"info","message":"OK! Slug recebido com Sucesso"}
{"level":"info","message":"OK! Slug recebido com Sucesso"}
{"level":"info","message":"OK! Slug recebido com Sucesso"}
{"level":"info","message":"OK! Slug recebido com Sucesso"}
{"level":"info","message":"OK! Slug recebido com Sucesso"}
{"level":"info","message":"OK! Slug recebido com Sucesso"}
{"level":"info","message":"OK! Slug recebido com Sucesso"}
{"level":"info","message":"OK! Slug recebido com Sucesso"}
{"level":"info","message":"OK! Slug recebido com Sucesso"}
{"level":"info","message":"OK! Slug recebido com Sucesso"}
{"level":"error","message":"Erro de rede: fetch failed"}
{"level":"error","message":"Problema ao obter os posts"}
{"level":"info","message":"OK! Slug recebido com Sucesso"}
{"error":{},"level":"error","message":"Falha ao obter o post com o slug","slug":"webpack-um-guia-para-iniciantess"}
{"error":{},"level":"error","message":"Falha ao obter o post com o slug","slug":"webpack-um-guia-para-iniciantesss"}
{"error":{},"level":"error","message":"Falha ao obter o post com o slug: ","slug":"webpack-um-guia-para-iniciantesss"}
{"error":{},"level":"error","message":"Falha ao obter o post com o slug: ","slug":"webpack-um-guia-para-iniciantesss"}
{"error":{},"level":"error","message":"Falha ao obter o post com o slug: ","slug":"vuejs-para-iniciantess"}
{"error":{},"level":"error","message":"Falha ao obter o post com o slug: ","slug":"vuejs-para-iniciantess"}
{"error":{},"level":"error","message":"Falha ao obter o post com o slug: ","slug":"vuejs-para-iniciantess"}
{"error":{},"level":"error","message":"Falha ao obter o post com o slug: ","slug":"vuejs-para-iniciantess"}
{"error":{},"level":"error","message":"Falha ao obter o post com o slug: ","slug":"gerenciamento-de-estado-com-reduxd"}
{"error":{},"level":"error","message":"Falha ao obter o post com o slug: ","slug":"gerenciamento-de-estado-com-reduxd"}
{"error":{},"level":"error","message":"Falha ao obter o post com o slug: ","slug":"gerenciamento-de-estado-com-reduxd"}
{"error":{},"level":"error","message":"Falha ao obter o post com o slug: ","slug":"gerenciamento-de-estado-com-reduxs"}
{"error":{},"level":"error","message":"Falha ao obter o post com o slug: ","slug":"dicas-de-acessibilidade-webs"}
{"error":{},"level":"error","message":"Falha ao obter o post com o slug: ","slug":"dicas-de-acessibilidade-webs"}
{"error":{},"level":"error","message":"Falha ao obter o post com o slug: ","slug":"dicas-de-acessibilidade-webs"}
{"error":{},"level":"error","message":"Falha ao obter o post com o slug: ","slug":"webpack-um-guia-para-iniciantess"}
{"error":{},"level":"error","message":"Falha ao obter o post com o slug: ","slug":"gerenciamento-de-estado-com-reduxa"}
{"error":{"clientVersion":"5.16.2","name":"PrismaClientInitializationError"},"level":"error","message":"Falha ao obter os Posts"}
{"error":{},"level":"error","message":"Falha ao obter os Posts"}
{"error":{"clientVersion":"5.16.2","name":"PrismaClientInitializationError"},"level":"error","message":"Falha ao obter os Posts"}
